<?xml version="1.0" encoding="UTF-8"?>
<testsuite xmlns:xsi="http://www.w3.org/2001/XMLSchema-instance" xsi:noNamespaceSchemaLocation="https://maven.apache.org/surefire/maven-surefire-plugin/xsd/surefire-test-report-3.0.xsd" version="3.0" name="com.example.hello.HelloApplicationTests" time="2.033" tests="1" errors="0" skipped="0" failures="0">
  <properties>
[...]
</properties>
  <testcase name="contextLoads" classname="com.example.hello.HelloApplicationTests" time="0.57">
    <system-out><![CDATA[07:40:23.162 [main] INFO org.springframework.test.context.support.AnnotationConfigContextLoaderUtils -- Could not detect default configuration classes for test class [com.example.hello.HelloApplicationTests]: HelloApplicationTests does not declare any static, non-private, non-final, nested classes annotated with @Configuration.
07:40:23.243 [main] INFO org.springframework.boot.test.context.SpringBootTestContextBootstrapper -- Found @SpringBootConfiguration com.example.hello.HelloApplication for test class com.example.hello.HelloApplicationTests

  .   ____          _            __ _ _
 /\\ / ___'_ __ _ _(_)_ __  __ _ \ \ \ \
( ( )\___ | '_ | '_| | '_ \/ _` | \ \ \ \
 \\/  ___)| |_)| | | | | || (_| |  ) ) ) )
  '  |____| .__|_| |_|_| |_\__, | / / / /
 =========|_|==============|___/=/_/_/_/

 :: Spring Boot ::                (v3.3.2)

2024-11-13T07:40:23.556Z  INFO 77 --- [hello] [           main] c.example.hello.HelloApplicationTests    : Starting HelloApplicationTests using Java 17 with PID 77 (started by devbox in /home/devbox/project)
2024-11-13T07:40:23.558Z  INFO 77 --- [hello] [           main] c.example.hello.HelloApplicationTests    : No active profile set, falling back to 1 default profile: "default"
2024-11-13T07:40:24.487Z  INFO 77 --- [hello] [           main] c.example.hello.HelloApplicationTests    : Started HelloApplicationTests in 1.132 seconds (process running for 1.885)
]]></system-out>
  </testcase>
</testsuite>